


ARM Macro Assembler    Page 1 


    1 00000000         ;/*!
    2 00000000         ; * @file       startup_apm32f40x.s
    3 00000000         ; *
    4 00000000         ; * @brief      CMSIS Cortex-M4 based Core Device Startu
                       p File for Device startup_apm32f40x
    5 00000000         ; *
    6 00000000         ; * @version     V1.0.2
    7 00000000         ; *
    8 00000000         ; * @date        2022-06-23
    9 00000000         ; *
   10 00000000         ; * @attention
   11 00000000         ; *
   12 00000000         ; *  Copyright (C) 2021-2022 Geehy Semiconductor
   13 00000000         ; *
   14 00000000         ; *  You may not use this file except in compliance with
                        the
   15 00000000         ; *  GEEHY COPYRIGHT NOTICE (GEEHY SOFTWARE PACKAGE LICE
                       NSE).
   16 00000000         ; *
   17 00000000         ; *  The program is only for reference, which is distrib
                       uted in the hope
   18 00000000         ; *  that it will be usefull and instructional for custo
                       mers to develop
   19 00000000         ; *  their software. Unless required by applicable law o
                       r agreed to in
   20 00000000         ; *  writing, the program is distributed on an "AS IS" B
                       ASIS, WITHOUT
   21 00000000         ; *  ANY WARRANTY OR CONDITIONS OF ANY KIND, either expr
                       ess or implied.
   22 00000000         ; *  See the GEEHY SOFTWARE PACKAGE LICENSE for the gove
                       rning permissions
   23 00000000         ; *  and limitations under the License.
   24 00000000         ; */
   25 00000000         
   26 00000000         ; <h> Stack Configuration
   27 00000000         ;   <o> Stack Size (in Bytes) <0x0-0xFFFFFFFF:8>
   28 00000000         ; </h>
   29 00000000         
   30 00000000 00000400 
                       Stack_Size
                               EQU              0x00000400
   31 00000000         
   32 00000000                 AREA             STACK, NOINIT, READWRITE, ALIGN
=3
   33 00000000         Stack_Mem
                               SPACE            Stack_Size
   34 00000400         __initial_sp
   35 00000400         
   36 00000400         ; <h> Heap Configuration
   37 00000400         ;   <o>  Heap Size (in Bytes) <0x0-0xFFFFFFFF:8>
   38 00000400         ; </h>
   39 00000400         
   40 00000400 00000200 
                       Heap_Size
                               EQU              0x00000200
   41 00000400         
   42 00000400                 AREA             HEAP, NOINIT, READWRITE, ALIGN=
3
   43 00000000         __heap_base



ARM Macro Assembler    Page 2 


   44 00000000         Heap_Mem
                               SPACE            Heap_Size
   45 00000200         __heap_limit
   46 00000200         
   47 00000200                 PRESERVE8
   48 00000200                 THUMB
   49 00000200         
   50 00000200         ; Vector Table Mapped to Address 0 at Reset
   51 00000200                 AREA             RESET, DATA, READONLY
   52 00000000                 EXPORT           __Vectors
   53 00000000                 EXPORT           __Vectors_End
   54 00000000                 EXPORT           __Vectors_Size
   55 00000000         
   56 00000000 00000000 
                       __Vectors
                               DCD              __initial_sp ; Top of Stack
   57 00000004 00000000        DCD              Reset_Handler ; Reset Handler
   58 00000008 00000000        DCD              NMI_Handler ; NMI Handler
   59 0000000C 00000000        DCD              HardFault_Handler ; Hard Fault 
                                                            Handler
   60 00000010 00000000        DCD              MemManage_Handler 
                                                            ; MPU Fault Handler
                                                            
   61 00000014 00000000        DCD              BusFault_Handler 
                                                            ; Bus Fault Handler
                                                            
   62 00000018 00000000        DCD              UsageFault_Handler ; Usage Faul
                                                            t Handler
   63 0000001C 00000000        DCD              0           ; Reserved
   64 00000020 00000000        DCD              0           ; Reserved
   65 00000024 00000000        DCD              0           ; Reserved
   66 00000028 00000000        DCD              0           ; Reserved
   67 0000002C 00000000        DCD              SVC_Handler ; SVCall Handler
   68 00000030 00000000        DCD              DebugMon_Handler ; Debug Monito
                                                            r Handler
   69 00000034 00000000        DCD              0           ; Reserved
   70 00000038 00000000        DCD              PendSV_Handler ; PendSV Handler
                                                            
   71 0000003C 00000000        DCD              SysTick_Handler 
                                                            ; SysTick Handler
   72 00000040         
   73 00000040         ; External Interrupts
   74 00000040 00000000        DCD              WWDT_IRQHandler 
                                                            ; Window WatchDog
   75 00000044 00000000        DCD              PVD_IRQHandler ; PVD through EI
                                                            NT Line detection
   76 00000048 00000000        DCD              TAMP_STAMP_IRQHandler ; Tamper 
                                                            and TimeStamps thro
                                                            ugh the EINT line
   77 0000004C 00000000        DCD              RTC_WKUP_IRQHandler ; RTC Wakeu
                                                            p through the EINT 
                                                            line
   78 00000050 00000000        DCD              FLASH_IRQHandler ; FLASH
   79 00000054 00000000        DCD              RCM_IRQHandler ; RCM
   80 00000058 00000000        DCD              EINT0_IRQHandler ; EINT Line0
   81 0000005C 00000000        DCD              EINT1_IRQHandler ; EINT Line1
   82 00000060 00000000        DCD              EINT2_IRQHandler ; EINT Line2
   83 00000064 00000000        DCD              EINT3_IRQHandler ; EINT Line3
   84 00000068 00000000        DCD              EINT4_IRQHandler ; EINT Line4



ARM Macro Assembler    Page 3 


   85 0000006C 00000000        DCD              DMA1_STR0_IRQHandler 
                                                            ; DMA1 Stream 0
   86 00000070 00000000        DCD              DMA1_STR1_IRQHandler 
                                                            ; DMA1 Stream 1
   87 00000074 00000000        DCD              DMA1_STR2_IRQHandler 
                                                            ; DMA1 Stream 2
   88 00000078 00000000        DCD              DMA1_STR3_IRQHandler 
                                                            ; DMA1 Stream 3
   89 0000007C 00000000        DCD              DMA1_STR4_IRQHandler 
                                                            ; DMA1 Stream 4
   90 00000080 00000000        DCD              DMA1_STR5_IRQHandler 
                                                            ; DMA1 Stream 5
   91 00000084 00000000        DCD              DMA1_STR6_IRQHandler 
                                                            ; DMA1 Stream 6
   92 00000088 00000000        DCD              ADC_IRQHandler ; ADC1, ADC2 and
                                                             ADC3s
   93 0000008C 00000000        DCD              CAN1_TX_IRQHandler ; CAN1 TX
   94 00000090 00000000        DCD              CAN1_RX0_IRQHandler ; CAN1 RX0
   95 00000094 00000000        DCD              CAN1_RX1_IRQHandler ; CAN1 RX1
   96 00000098 00000000        DCD              CAN1_SCE_IRQHandler ; CAN1 SCE
   97 0000009C 00000000        DCD              EINT9_5_IRQHandler ; External L
                                                            ine[9:5]s
   98 000000A0 00000000        DCD              TMR1_BRK_TMR9_IRQHandler ; TMR1
                                                             Break and TMR9
   99 000000A4 00000000        DCD              TMR1_UP_TMR10_IRQHandler ; TMR1
                                                             Update and TMR10
  100 000000A8 00000000        DCD              TMR1_TRG_COM_TMR11_IRQHandler ;
                                                             TMR1 Trigger and C
                                                            ommutation and TMR1
                                                            1
  101 000000AC 00000000        DCD              TMR1_CC_IRQHandler ; TMR1 Captu
                                                            re Compare
  102 000000B0 00000000        DCD              TMR2_IRQHandler ; TMR2
  103 000000B4 00000000        DCD              TMR3_IRQHandler ; TMR3
  104 000000B8 00000000        DCD              TMR4_IRQHandler ; TMR4
  105 000000BC 00000000        DCD              I2C1_EV_IRQHandler ; I2C1 Event
                                                            
  106 000000C0 00000000        DCD              I2C1_ER_IRQHandler ; I2C1 Error
                                                            
  107 000000C4 00000000        DCD              I2C2_EV_IRQHandler ; I2C2 Event
                                                            
  108 000000C8 00000000        DCD              I2C2_ER_IRQHandler ; I2C2 Error
                                                            
  109 000000CC 00000000        DCD              SPI1_IRQHandler ; SPI1
  110 000000D0 00000000        DCD              SPI2_IRQHandler ; SPI2
  111 000000D4 00000000        DCD              USART1_IRQHandler ; USART1
  112 000000D8 00000000        DCD              USART2_IRQHandler ; USART2
  113 000000DC 00000000        DCD              USART3_IRQHandler ; USART3
  114 000000E0 00000000        DCD              EINT15_10_IRQHandler ; External
                                                             Line[15:10]s
  115 000000E4 00000000        DCD              RTC_Alarm_IRQHandler ; RTC Alar
                                                            m (A and B) through
                                                             EINT Line
  116 000000E8 00000000        DCD              OTG_FS_WKUP_IRQHandler ; OTG_FS
                                                             Wakeup through EIN
                                                            T line
  117 000000EC 00000000        DCD              TMR8_BRK_TMR12_IRQHandler ; TMR
                                                            8 Break and TMR12
  118 000000F0 00000000        DCD              TMR8_UP_TMR13_IRQHandler ; TMR8



ARM Macro Assembler    Page 4 


                                                             Update and TMR13
  119 000000F4 00000000        DCD              TMR8_TRG_COM_TMR14_IRQHandler ;
                                                             TMR8 Trigger and C
                                                            ommutation and TMR1
                                                            4
  120 000000F8 00000000        DCD              TMR8_CC_IRQHandler ; TMR8 Captu
                                                            re Compare
  121 000000FC 00000000        DCD              DMA1_STR7_IRQHandler 
                                                            ; DMA1 Stream 7
  122 00000100 00000000        DCD              EMMC_IRQHandler ; EMMC
  123 00000104 00000000        DCD              SDIO_IRQHandler ; SDIO
  124 00000108 00000000        DCD              TMR5_IRQHandler ; TMR5
  125 0000010C 00000000        DCD              SPI3_IRQHandler ; SPI3
  126 00000110 00000000        DCD              UART4_IRQHandler ; UART4
  127 00000114 00000000        DCD              UART5_IRQHandler ; UART5
  128 00000118 00000000        DCD              TMR6_DAC_IRQHandler ; TMR6 and 
                                                            DAC1&2 underrun err
                                                            ors
  129 0000011C 00000000        DCD              TMR7_IRQHandler ; TMR7
  130 00000120 00000000        DCD              DMA2_STR0_IRQHandler 
                                                            ; DMA2 Stream 0
  131 00000124 00000000        DCD              DMA2_STR1_IRQHandler 
                                                            ; DMA2 Stream 1
  132 00000128 00000000        DCD              DMA2_STR2_IRQHandler 
                                                            ; DMA2 Stream 2
  133 0000012C 00000000        DCD              DMA2_STR3_IRQHandler 
                                                            ; DMA2 Stream 3
  134 00000130 00000000        DCD              DMA2_STR4_IRQHandler 
                                                            ; DMA2 Stream 4
  135 00000134 00000000        DCD              ETH_IRQHandler ; Ethernet
  136 00000138 00000000        DCD              ETH_WKUP_IRQHandler ; Ethernet 
                                                            Wakeup through EINT
                                                             line
  137 0000013C 00000000        DCD              CAN2_TX_IRQHandler ; CAN2 TX
  138 00000140 00000000        DCD              CAN2_RX0_IRQHandler ; CAN2 RX0
  139 00000144 00000000        DCD              CAN2_RX1_IRQHandler ; CAN2 RX1
  140 00000148 00000000        DCD              CAN2_SCE_IRQHandler ; CAN2 SCE
  141 0000014C 00000000        DCD              OTG_FS_IRQHandler ; OTG_FS
  142 00000150 00000000        DCD              DMA2_STR5_IRQHandler 
                                                            ; DMA2 Stream 5
  143 00000154 00000000        DCD              DMA2_STR6_IRQHandler 
                                                            ; DMA2 Stream 6
  144 00000158 00000000        DCD              DMA2_STR7_IRQHandler 
                                                            ; DMA2 Stream 7
  145 0000015C 00000000        DCD              USART6_IRQHandler ; USART6
  146 00000160 00000000        DCD              I2C3_EV_IRQHandler ; I2C3 event
                                                            
  147 00000164 00000000        DCD              I2C3_ER_IRQHandler ; I2C3 error
                                                            
  148 00000168 00000000        DCD              OTG_HS1_EP1_OUT_IRQHandler ; OT
                                                            G_HS1 End Point 1 O
                                                            ut
  149 0000016C 00000000        DCD              OTG_HS1_EP1_IN_IRQHandler ; OTG
                                                            _HS1 End Point 1 In
                                                            
  150 00000170 00000000        DCD              OTG_HS1_WKUP_IRQHandler ; OTG_H
                                                            S1 Wakeup through E
                                                            INT
  151 00000174 00000000        DCD              OTG_HS1_IRQHandler ; OTG_HS1



ARM Macro Assembler    Page 5 


  152 00000178 00000000        DCD              DCI_IRQHandler ; DCI
  153 0000017C 00000000        DCD              0           ; Reserved
  154 00000180 00000000        DCD              0           ; Reserved
  155 00000184 00000000        DCD              FPU_IRQHandler ; FPU
  156 00000188 00000000        DCD              SM3_IRQHandler ; SM3
  157 0000018C 00000000        DCD              SM4_IRQHandler ; SM4
  158 00000190 00000000        DCD              BN_IRQHandler ; BN
  159 00000194         __Vectors_End
  160 00000194         
  161 00000194 00000194 
                       __Vectors_Size
                               EQU              __Vectors_End - __Vectors
  162 00000194         
  163 00000194                 AREA             |.text|, CODE, READONLY
  164 00000000         
  165 00000000         ; Reset handler
  166 00000000         Reset_Handler
                               PROC
  167 00000000                 EXPORT           Reset_Handler             [WEAK
]
  168 00000000                 IMPORT           SystemInit
  169 00000000                 IMPORT           __main
  170 00000000 4809            LDR              R0, =SystemInit
  171 00000002 4780            BLX              R0
  172 00000004 4809            LDR              R0, =__main
  173 00000006 4700            BX               R0
  174 00000008                 ENDP
  175 00000008         
  176 00000008         ; Dummy Exception Handlers (infinite loops which can be 
                       modified)
  177 00000008         
  178 00000008         NMI_Handler
                               PROC
  179 00000008                 EXPORT           NMI_Handler                [WEA
K]
  180 00000008 E7FE            B                .
  181 0000000A                 ENDP
  183 0000000A         HardFault_Handler
                               PROC
  184 0000000A                 EXPORT           HardFault_Handler          [WEA
K]
  185 0000000A E7FE            B                .
  186 0000000C                 ENDP
  188 0000000C         MemManage_Handler
                               PROC
  189 0000000C                 EXPORT           MemManage_Handler          [WEA
K]
  190 0000000C E7FE            B                .
  191 0000000E                 ENDP
  193 0000000E         BusFault_Handler
                               PROC
  194 0000000E                 EXPORT           BusFault_Handler           [WEA
K]
  195 0000000E E7FE            B                .
  196 00000010                 ENDP
  198 00000010         UsageFault_Handler
                               PROC
  199 00000010                 EXPORT           UsageFault_Handler         [WEA
K]



ARM Macro Assembler    Page 6 


  200 00000010 E7FE            B                .
  201 00000012                 ENDP
  202 00000012         SVC_Handler
                               PROC
  203 00000012                 EXPORT           SVC_Handler                [WEA
K]
  204 00000012 E7FE            B                .
  205 00000014                 ENDP
  207 00000014         DebugMon_Handler
                               PROC
  208 00000014                 EXPORT           DebugMon_Handler           [WEA
K]
  209 00000014 E7FE            B                .
  210 00000016                 ENDP
  211 00000016         PendSV_Handler
                               PROC
  212 00000016                 EXPORT           PendSV_Handler             [WEA
K]
  213 00000016 E7FE            B                .
  214 00000018                 ENDP
  215 00000018         SysTick_Handler
                               PROC
  216 00000018                 EXPORT           SysTick_Handler            [WEA
K]
  217 00000018 E7FE            B                .
  218 0000001A                 ENDP
  219 0000001A         
  220 0000001A         Default_Handler
                               PROC
  221 0000001A         
  222 0000001A                 EXPORT           WWDT_IRQHandler                
     [WEAK]
  223 0000001A                 EXPORT           PVD_IRQHandler                 
     [WEAK]
  224 0000001A                 EXPORT           TAMP_STAMP_IRQHandler          
     [WEAK]
  225 0000001A                 EXPORT           RTC_WKUP_IRQHandler            
     [WEAK]
  226 0000001A                 EXPORT           FLASH_IRQHandler               
     [WEAK]
  227 0000001A                 EXPORT           RCM_IRQHandler                 
     [WEAK]
  228 0000001A                 EXPORT           EINT0_IRQHandler               
     [WEAK]
  229 0000001A                 EXPORT           EINT1_IRQHandler               
     [WEAK]
  230 0000001A                 EXPORT           EINT2_IRQHandler               
     [WEAK]
  231 0000001A                 EXPORT           EINT3_IRQHandler               
     [WEAK]
  232 0000001A                 EXPORT           EINT4_IRQHandler               
     [WEAK]
  233 0000001A                 EXPORT           DMA1_STR0_IRQHandler           
     [WEAK]
  234 0000001A                 EXPORT           DMA1_STR1_IRQHandler           
     [WEAK]
  235 0000001A                 EXPORT           DMA1_STR2_IRQHandler           
     [WEAK]
  236 0000001A                 EXPORT           DMA1_STR3_IRQHandler           



ARM Macro Assembler    Page 7 


     [WEAK]
  237 0000001A                 EXPORT           DMA1_STR4_IRQHandler           
     [WEAK]
  238 0000001A                 EXPORT           DMA1_STR5_IRQHandler           
     [WEAK]
  239 0000001A                 EXPORT           DMA1_STR6_IRQHandler           
     [WEAK]
  240 0000001A                 EXPORT           ADC_IRQHandler                 
     [WEAK]
  241 0000001A                 EXPORT           CAN1_TX_IRQHandler             
     [WEAK]
  242 0000001A                 EXPORT           CAN1_RX0_IRQHandler            
     [WEAK]
  243 0000001A                 EXPORT           CAN1_RX1_IRQHandler            
     [WEAK]
  244 0000001A                 EXPORT           CAN1_SCE_IRQHandler            
     [WEAK]
  245 0000001A                 EXPORT           EINT9_5_IRQHandler             
     [WEAK]
  246 0000001A                 EXPORT           TMR1_BRK_TMR9_IRQHandler       
     [WEAK]
  247 0000001A                 EXPORT           TMR1_UP_TMR10_IRQHandler       
     [WEAK]
  248 0000001A                 EXPORT           TMR1_TRG_COM_TMR11_IRQHandler  
     [WEAK]
  249 0000001A                 EXPORT           TMR1_CC_IRQHandler             
     [WEAK]
  250 0000001A                 EXPORT           TMR2_IRQHandler                
     [WEAK]
  251 0000001A                 EXPORT           TMR3_IRQHandler                
     [WEAK]
  252 0000001A                 EXPORT           TMR4_IRQHandler                
     [WEAK]
  253 0000001A                 EXPORT           I2C1_EV_IRQHandler             
     [WEAK]
  254 0000001A                 EXPORT           I2C1_ER_IRQHandler             
     [WEAK]
  255 0000001A                 EXPORT           I2C2_EV_IRQHandler             
     [WEAK]
  256 0000001A                 EXPORT           I2C2_ER_IRQHandler             
     [WEAK]
  257 0000001A                 EXPORT           SPI1_IRQHandler                
     [WEAK]
  258 0000001A                 EXPORT           SPI2_IRQHandler                
     [WEAK]
  259 0000001A                 EXPORT           USART1_IRQHandler              
     [WEAK]
  260 0000001A                 EXPORT           USART2_IRQHandler              
     [WEAK]
  261 0000001A                 EXPORT           USART3_IRQHandler              
     [WEAK]
  262 0000001A                 EXPORT           EINT15_10_IRQHandler           
     [WEAK]
  263 0000001A                 EXPORT           RTC_Alarm_IRQHandler           
     [WEAK]
  264 0000001A                 EXPORT           OTG_FS_WKUP_IRQHandler         
     [WEAK]
  265 0000001A                 EXPORT           TMR8_BRK_TMR12_IRQHandler      
     [WEAK]



ARM Macro Assembler    Page 8 


  266 0000001A                 EXPORT           TMR8_UP_TMR13_IRQHandler       
     [WEAK]
  267 0000001A                 EXPORT           TMR8_TRG_COM_TMR14_IRQHandler  
     [WEAK]
  268 0000001A                 EXPORT           TMR8_CC_IRQHandler             
     [WEAK]
  269 0000001A                 EXPORT           DMA1_STR7_IRQHandler           
     [WEAK]
  270 0000001A                 EXPORT           EMMC_IRQHandler                
     [WEAK]
  271 0000001A                 EXPORT           SDIO_IRQHandler                
     [WEAK]
  272 0000001A                 EXPORT           TMR5_IRQHandler                
     [WEAK]
  273 0000001A                 EXPORT           SPI3_IRQHandler                
     [WEAK]
  274 0000001A                 EXPORT           UART4_IRQHandler               
     [WEAK]
  275 0000001A                 EXPORT           UART5_IRQHandler               
     [WEAK]
  276 0000001A                 EXPORT           TMR6_DAC_IRQHandler            
     [WEAK]
  277 0000001A                 EXPORT           TMR7_IRQHandler                
     [WEAK]
  278 0000001A                 EXPORT           DMA2_STR0_IRQHandler           
     [WEAK]
  279 0000001A                 EXPORT           DMA2_STR1_IRQHandler           
     [WEAK]
  280 0000001A                 EXPORT           DMA2_STR2_IRQHandler           
     [WEAK]
  281 0000001A                 EXPORT           DMA2_STR3_IRQHandler           
     [WEAK]
  282 0000001A                 EXPORT           DMA2_STR4_IRQHandler           
     [WEAK]
  283 0000001A                 EXPORT           ETH_IRQHandler                 
     [WEAK]
  284 0000001A                 EXPORT           ETH_WKUP_IRQHandler            
     [WEAK]
  285 0000001A                 EXPORT           CAN2_TX_IRQHandler             
     [WEAK]
  286 0000001A                 EXPORT           CAN2_RX0_IRQHandler            
     [WEAK]
  287 0000001A                 EXPORT           CAN2_RX1_IRQHandler            
     [WEAK]
  288 0000001A                 EXPORT           CAN2_SCE_IRQHandler            
     [WEAK]
  289 0000001A                 EXPORT           OTG_FS_IRQHandler              
     [WEAK]
  290 0000001A                 EXPORT           DMA2_STR5_IRQHandler           
     [WEAK]
  291 0000001A                 EXPORT           DMA2_STR6_IRQHandler           
     [WEAK]
  292 0000001A                 EXPORT           DMA2_STR7_IRQHandler           
     [WEAK]
  293 0000001A                 EXPORT           USART6_IRQHandler              
     [WEAK]
  294 0000001A                 EXPORT           I2C3_EV_IRQHandler             
     [WEAK]
  295 0000001A                 EXPORT           I2C3_ER_IRQHandler             



ARM Macro Assembler    Page 9 


     [WEAK]
  296 0000001A                 EXPORT           OTG_HS1_EP1_OUT_IRQHandler     
     [WEAK]
  297 0000001A                 EXPORT           OTG_HS1_EP1_IN_IRQHandler      
     [WEAK]
  298 0000001A                 EXPORT           OTG_HS1_WKUP_IRQHandler        
     [WEAK]
  299 0000001A                 EXPORT           OTG_HS1_IRQHandler             
     [WEAK]
  300 0000001A                 EXPORT           DCI_IRQHandler                 
     [WEAK]
  301 0000001A                 EXPORT           FPU_IRQHandler                 
     [WEAK]
  302 0000001A                 EXPORT           SM3_IRQHandler                 
     [WEAK]
  303 0000001A                 EXPORT           SM4_IRQHandler                 
     [WEAK]
  304 0000001A                 EXPORT           BN_IRQHandler                  
     [WEAK]
  305 0000001A         
  306 0000001A         WWDT_IRQHandler
  307 0000001A         PVD_IRQHandler
  308 0000001A         TAMP_STAMP_IRQHandler
  309 0000001A         RTC_WKUP_IRQHandler
  310 0000001A         FLASH_IRQHandler
  311 0000001A         RCM_IRQHandler
  312 0000001A         EINT0_IRQHandler
  313 0000001A         EINT1_IRQHandler
  314 0000001A         EINT2_IRQHandler
  315 0000001A         EINT3_IRQHandler
  316 0000001A         EINT4_IRQHandler
  317 0000001A         DMA1_STR0_IRQHandler
  318 0000001A         DMA1_STR1_IRQHandler
  319 0000001A         DMA1_STR2_IRQHandler
  320 0000001A         DMA1_STR3_IRQHandler
  321 0000001A         DMA1_STR4_IRQHandler
  322 0000001A         DMA1_STR5_IRQHandler
  323 0000001A         DMA1_STR6_IRQHandler
  324 0000001A         ADC_IRQHandler
  325 0000001A         CAN1_TX_IRQHandler
  326 0000001A         CAN1_RX0_IRQHandler
  327 0000001A         CAN1_RX1_IRQHandler
  328 0000001A         CAN1_SCE_IRQHandler
  329 0000001A         EINT9_5_IRQHandler
  330 0000001A         TMR1_BRK_TMR9_IRQHandler
  331 0000001A         TMR1_UP_TMR10_IRQHandler
  332 0000001A         TMR1_TRG_COM_TMR11_IRQHandler
  333 0000001A         TMR1_CC_IRQHandler
  334 0000001A         TMR2_IRQHandler
  335 0000001A         TMR3_IRQHandler
  336 0000001A         TMR4_IRQHandler
  337 0000001A         I2C1_EV_IRQHandler
  338 0000001A         I2C1_ER_IRQHandler
  339 0000001A         I2C2_EV_IRQHandler
  340 0000001A         I2C2_ER_IRQHandler
  341 0000001A         SPI1_IRQHandler
  342 0000001A         SPI2_IRQHandler
  343 0000001A         USART1_IRQHandler
  344 0000001A         USART2_IRQHandler



ARM Macro Assembler    Page 10 


  345 0000001A         USART3_IRQHandler
  346 0000001A         EINT15_10_IRQHandler
  347 0000001A         RTC_Alarm_IRQHandler
  348 0000001A         OTG_FS_WKUP_IRQHandler
  349 0000001A         TMR8_BRK_TMR12_IRQHandler
  350 0000001A         TMR8_UP_TMR13_IRQHandler
  351 0000001A         TMR8_TRG_COM_TMR14_IRQHandler
  352 0000001A         TMR8_CC_IRQHandler
  353 0000001A         DMA1_STR7_IRQHandler
  354 0000001A         EMMC_IRQHandler
  355 0000001A         SDIO_IRQHandler
  356 0000001A         TMR5_IRQHandler
  357 0000001A         SPI3_IRQHandler
  358 0000001A         UART4_IRQHandler
  359 0000001A         UART5_IRQHandler
  360 0000001A         TMR6_DAC_IRQHandler
  361 0000001A         TMR7_IRQHandler
  362 0000001A         DMA2_STR0_IRQHandler
  363 0000001A         DMA2_STR1_IRQHandler
  364 0000001A         DMA2_STR2_IRQHandler
  365 0000001A         DMA2_STR3_IRQHandler
  366 0000001A         DMA2_STR4_IRQHandler
  367 0000001A         ETH_IRQHandler
  368 0000001A         ETH_WKUP_IRQHandler
  369 0000001A         CAN2_TX_IRQHandler
  370 0000001A         CAN2_RX0_IRQHandler
  371 0000001A         CAN2_RX1_IRQHandler
  372 0000001A         CAN2_SCE_IRQHandler
  373 0000001A         OTG_FS_IRQHandler
  374 0000001A         DMA2_STR5_IRQHandler
  375 0000001A         DMA2_STR6_IRQHandler
  376 0000001A         DMA2_STR7_IRQHandler
  377 0000001A         USART6_IRQHandler
  378 0000001A         I2C3_EV_IRQHandler
  379 0000001A         I2C3_ER_IRQHandler
  380 0000001A         OTG_HS1_EP1_OUT_IRQHandler
  381 0000001A         OTG_HS1_EP1_IN_IRQHandler
  382 0000001A         OTG_HS1_WKUP_IRQHandler
  383 0000001A         OTG_HS1_IRQHandler
  384 0000001A         DCI_IRQHandler
  385 0000001A         FPU_IRQHandler
  386 0000001A         SM3_IRQHandler
  387 0000001A         SM4_IRQHandler
  388 0000001A         BN_IRQHandler
  389 0000001A         
  390 0000001A E7FE            B                .
  391 0000001C         
  392 0000001C                 ENDP
  393 0000001C         
  394 0000001C                 ALIGN
  395 0000001C         
  396 0000001C         ;*******************************************************
                       ************************
  397 0000001C         ; User Stack and Heap initialization
  398 0000001C         ;*******************************************************
                       ************************
  399 0000001C                 IF               :DEF:__MICROLIB
  406 0000001C         
  407 0000001C                 IMPORT           __use_two_region_memory



ARM Macro Assembler    Page 11 


  408 0000001C                 EXPORT           __user_initial_stackheap
  409 0000001C         
  410 0000001C         __user_initial_stackheap
  411 0000001C         
  412 0000001C 4804            LDR              R0, =  Heap_Mem
  413 0000001E 4905            LDR              R1, =(Stack_Mem + Stack_Size)
  414 00000020 4A05            LDR              R2, = (Heap_Mem +  Heap_Size)
  415 00000022 4B06            LDR              R3, = Stack_Mem
  416 00000024 4770            BX               LR
  417 00000026         
  418 00000026 00 00           ALIGN
  419 00000028         
  420 00000028                 ENDIF
  421 00000028         
  422 00000028                 END
              00000000 
              00000000 
              00000000 
              00000400 
              00000200 
              00000000 
Command Line: --debug --xref --diag_suppress=9931 --cpu=Cortex-M4.fp.sp --apcs=
interwork --depend=.\build\keil\obj\startup_apm32f40x.d -o.\build\keil\obj\star
tup_apm32f40x.o -IC:\Keil_v5\ARM\CMSIS\Include --predefine="__UVISION_VERSION S
ETA 536" --list=.\build\keil\list\startup_apm32f40x.lst libraries\APM32F4xx_Lib
rary\Device\Geehy\APM32F4xx\Source\arm\startup_apm32f40x.s



ARM Macro Assembler    Page 1 Alphabetic symbol ordering
Relocatable symbols

STACK 00000000

Symbol: STACK
   Definitions
      At line 32 in file libraries\APM32F4xx_Library\Device\Geehy\APM32F4xx\Sou
rce\arm\startup_apm32f40x.s
   Uses
      None
Comment: STACK unused
Stack_Mem 00000000

Symbol: Stack_Mem
   Definitions
      At line 33 in file libraries\APM32F4xx_Library\Device\Geehy\APM32F4xx\Sou
rce\arm\startup_apm32f40x.s
   Uses
      At line 413 in file libraries\APM32F4xx_Library\Device\Geehy\APM32F4xx\So
urce\arm\startup_apm32f40x.s
      At line 415 in file libraries\APM32F4xx_Library\Device\Geehy\APM32F4xx\So
urce\arm\startup_apm32f40x.s

__initial_sp 00000400

Symbol: __initial_sp
   Definitions
      At line 34 in file libraries\APM32F4xx_Library\Device\Geehy\APM32F4xx\Sou
rce\arm\startup_apm32f40x.s
   Uses
      At line 56 in file libraries\APM32F4xx_Library\Device\Geehy\APM32F4xx\Sou
rce\arm\startup_apm32f40x.s
Comment: __initial_sp used once
3 symbols



ARM Macro Assembler    Page 1 Alphabetic symbol ordering
Relocatable symbols

HEAP 00000000

Symbol: HEAP
   Definitions
      At line 42 in file libraries\APM32F4xx_Library\Device\Geehy\APM32F4xx\Sou
rce\arm\startup_apm32f40x.s
   Uses
      None
Comment: HEAP unused
Heap_Mem 00000000

Symbol: Heap_Mem
   Definitions
      At line 44 in file libraries\APM32F4xx_Library\Device\Geehy\APM32F4xx\Sou
rce\arm\startup_apm32f40x.s
   Uses
      At line 412 in file libraries\APM32F4xx_Library\Device\Geehy\APM32F4xx\So
urce\arm\startup_apm32f40x.s
      At line 414 in file libraries\APM32F4xx_Library\Device\Geehy\APM32F4xx\So
urce\arm\startup_apm32f40x.s

__heap_base 00000000

Symbol: __heap_base
   Definitions
      At line 43 in file libraries\APM32F4xx_Library\Device\Geehy\APM32F4xx\Sou
rce\arm\startup_apm32f40x.s
   Uses
      None
Comment: __heap_base unused
__heap_limit 00000200

Symbol: __heap_limit
   Definitions
      At line 45 in file libraries\APM32F4xx_Library\Device\Geehy\APM32F4xx\Sou
rce\arm\startup_apm32f40x.s
   Uses
      None
Comment: __heap_limit unused
4 symbols



ARM Macro Assembler    Page 1 Alphabetic symbol ordering
Relocatable symbols

RESET 00000000

Symbol: RESET
   Definitions
      At line 51 in file libraries\APM32F4xx_Library\Device\Geehy\APM32F4xx\Sou
rce\arm\startup_apm32f40x.s
   Uses
      None
Comment: RESET unused
__Vectors 00000000

Symbol: __Vectors
   Definitions
      At line 56 in file libraries\APM32F4xx_Library\Device\Geehy\APM32F4xx\Sou
rce\arm\startup_apm32f40x.s
   Uses
      At line 52 in file libraries\APM32F4xx_Library\Device\Geehy\APM32F4xx\Sou
rce\arm\startup_apm32f40x.s
      At line 161 in file libraries\APM32F4xx_Library\Device\Geehy\APM32F4xx\So
urce\arm\startup_apm32f40x.s

__Vectors_End 00000194

Symbol: __Vectors_End
   Definitions
      At line 159 in file libraries\APM32F4xx_Library\Device\Geehy\APM32F4xx\So
urce\arm\startup_apm32f40x.s
   Uses
      At line 53 in file libraries\APM32F4xx_Library\Device\Geehy\APM32F4xx\Sou
rce\arm\startup_apm32f40x.s
      At line 161 in file libraries\APM32F4xx_Library\Device\Geehy\APM32F4xx\So
urce\arm\startup_apm32f40x.s

3 symbols



ARM Macro Assembler    Page 1 Alphabetic symbol ordering
Relocatable symbols

.text 00000000

Symbol: .text
   Definitions
      At line 163 in file libraries\APM32F4xx_Library\Device\Geehy\APM32F4xx\So
urce\arm\startup_apm32f40x.s
   Uses
      None
Comment: .text unused
ADC_IRQHandler 0000001A

Symbol: ADC_IRQHandler
   Definitions
      At line 324 in file libraries\APM32F4xx_Library\Device\Geehy\APM32F4xx\So
urce\arm\startup_apm32f40x.s
   Uses
      At line 92 in file libraries\APM32F4xx_Library\Device\Geehy\APM32F4xx\Sou
rce\arm\startup_apm32f40x.s
      At line 240 in file libraries\APM32F4xx_Library\Device\Geehy\APM32F4xx\So
urce\arm\startup_apm32f40x.s

BN_IRQHandler 0000001A

Symbol: BN_IRQHandler
   Definitions
      At line 388 in file libraries\APM32F4xx_Library\Device\Geehy\APM32F4xx\So
urce\arm\startup_apm32f40x.s
   Uses
      At line 158 in file libraries\APM32F4xx_Library\Device\Geehy\APM32F4xx\So
urce\arm\startup_apm32f40x.s
      At line 304 in file libraries\APM32F4xx_Library\Device\Geehy\APM32F4xx\So
urce\arm\startup_apm32f40x.s

BusFault_Handler 0000000E

Symbol: BusFault_Handler
   Definitions
      At line 193 in file libraries\APM32F4xx_Library\Device\Geehy\APM32F4xx\So
urce\arm\startup_apm32f40x.s
   Uses
      At line 61 in file libraries\APM32F4xx_Library\Device\Geehy\APM32F4xx\Sou
rce\arm\startup_apm32f40x.s
      At line 194 in file libraries\APM32F4xx_Library\Device\Geehy\APM32F4xx\So
urce\arm\startup_apm32f40x.s

CAN1_RX0_IRQHandler 0000001A

Symbol: CAN1_RX0_IRQHandler
   Definitions
      At line 326 in file libraries\APM32F4xx_Library\Device\Geehy\APM32F4xx\So
urce\arm\startup_apm32f40x.s
   Uses
      At line 94 in file libraries\APM32F4xx_Library\Device\Geehy\APM32F4xx\Sou
rce\arm\startup_apm32f40x.s
      At line 242 in file libraries\APM32F4xx_Library\Device\Geehy\APM32F4xx\So
urce\arm\startup_apm32f40x.s

CAN1_RX1_IRQHandler 0000001A




ARM Macro Assembler    Page 2 Alphabetic symbol ordering
Relocatable symbols

Symbol: CAN1_RX1_IRQHandler
   Definitions
      At line 327 in file libraries\APM32F4xx_Library\Device\Geehy\APM32F4xx\So
urce\arm\startup_apm32f40x.s
   Uses
      At line 95 in file libraries\APM32F4xx_Library\Device\Geehy\APM32F4xx\Sou
rce\arm\startup_apm32f40x.s
      At line 243 in file libraries\APM32F4xx_Library\Device\Geehy\APM32F4xx\So
urce\arm\startup_apm32f40x.s

CAN1_SCE_IRQHandler 0000001A

Symbol: CAN1_SCE_IRQHandler
   Definitions
      At line 328 in file libraries\APM32F4xx_Library\Device\Geehy\APM32F4xx\So
urce\arm\startup_apm32f40x.s
   Uses
      At line 96 in file libraries\APM32F4xx_Library\Device\Geehy\APM32F4xx\Sou
rce\arm\startup_apm32f40x.s
      At line 244 in file libraries\APM32F4xx_Library\Device\Geehy\APM32F4xx\So
urce\arm\startup_apm32f40x.s

CAN1_TX_IRQHandler 0000001A

Symbol: CAN1_TX_IRQHandler
   Definitions
      At line 325 in file libraries\APM32F4xx_Library\Device\Geehy\APM32F4xx\So
urce\arm\startup_apm32f40x.s
   Uses
      At line 93 in file libraries\APM32F4xx_Library\Device\Geehy\APM32F4xx\Sou
rce\arm\startup_apm32f40x.s
      At line 241 in file libraries\APM32F4xx_Library\Device\Geehy\APM32F4xx\So
urce\arm\startup_apm32f40x.s

CAN2_RX0_IRQHandler 0000001A

Symbol: CAN2_RX0_IRQHandler
   Definitions
      At line 370 in file libraries\APM32F4xx_Library\Device\Geehy\APM32F4xx\So
urce\arm\startup_apm32f40x.s
   Uses
      At line 138 in file libraries\APM32F4xx_Library\Device\Geehy\APM32F4xx\So
urce\arm\startup_apm32f40x.s
      At line 286 in file libraries\APM32F4xx_Library\Device\Geehy\APM32F4xx\So
urce\arm\startup_apm32f40x.s

CAN2_RX1_IRQHandler 0000001A

Symbol: CAN2_RX1_IRQHandler
   Definitions
      At line 371 in file libraries\APM32F4xx_Library\Device\Geehy\APM32F4xx\So
urce\arm\startup_apm32f40x.s
   Uses
      At line 139 in file libraries\APM32F4xx_Library\Device\Geehy\APM32F4xx\So
urce\arm\startup_apm32f40x.s
      At line 287 in file libraries\APM32F4xx_Library\Device\Geehy\APM32F4xx\So
urce\arm\startup_apm32f40x.s

CAN2_SCE_IRQHandler 0000001A



ARM Macro Assembler    Page 3 Alphabetic symbol ordering
Relocatable symbols


Symbol: CAN2_SCE_IRQHandler
   Definitions
      At line 372 in file libraries\APM32F4xx_Library\Device\Geehy\APM32F4xx\So
urce\arm\startup_apm32f40x.s
   Uses
      At line 140 in file libraries\APM32F4xx_Library\Device\Geehy\APM32F4xx\So
urce\arm\startup_apm32f40x.s
      At line 288 in file libraries\APM32F4xx_Library\Device\Geehy\APM32F4xx\So
urce\arm\startup_apm32f40x.s

CAN2_TX_IRQHandler 0000001A

Symbol: CAN2_TX_IRQHandler
   Definitions
      At line 369 in file libraries\APM32F4xx_Library\Device\Geehy\APM32F4xx\So
urce\arm\startup_apm32f40x.s
   Uses
      At line 137 in file libraries\APM32F4xx_Library\Device\Geehy\APM32F4xx\So
urce\arm\startup_apm32f40x.s
      At line 285 in file libraries\APM32F4xx_Library\Device\Geehy\APM32F4xx\So
urce\arm\startup_apm32f40x.s

DCI_IRQHandler 0000001A

Symbol: DCI_IRQHandler
   Definitions
      At line 384 in file libraries\APM32F4xx_Library\Device\Geehy\APM32F4xx\So
urce\arm\startup_apm32f40x.s
   Uses
      At line 152 in file libraries\APM32F4xx_Library\Device\Geehy\APM32F4xx\So
urce\arm\startup_apm32f40x.s
      At line 300 in file libraries\APM32F4xx_Library\Device\Geehy\APM32F4xx\So
urce\arm\startup_apm32f40x.s

DMA1_STR0_IRQHandler 0000001A

Symbol: DMA1_STR0_IRQHandler
   Definitions
      At line 317 in file libraries\APM32F4xx_Library\Device\Geehy\APM32F4xx\So
urce\arm\startup_apm32f40x.s
   Uses
      At line 85 in file libraries\APM32F4xx_Library\Device\Geehy\APM32F4xx\Sou
rce\arm\startup_apm32f40x.s
      At line 233 in file libraries\APM32F4xx_Library\Device\Geehy\APM32F4xx\So
urce\arm\startup_apm32f40x.s

DMA1_STR1_IRQHandler 0000001A

Symbol: DMA1_STR1_IRQHandler
   Definitions
      At line 318 in file libraries\APM32F4xx_Library\Device\Geehy\APM32F4xx\So
urce\arm\startup_apm32f40x.s
   Uses
      At line 86 in file libraries\APM32F4xx_Library\Device\Geehy\APM32F4xx\Sou
rce\arm\startup_apm32f40x.s
      At line 234 in file libraries\APM32F4xx_Library\Device\Geehy\APM32F4xx\So
urce\arm\startup_apm32f40x.s




ARM Macro Assembler    Page 4 Alphabetic symbol ordering
Relocatable symbols

DMA1_STR2_IRQHandler 0000001A

Symbol: DMA1_STR2_IRQHandler
   Definitions
      At line 319 in file libraries\APM32F4xx_Library\Device\Geehy\APM32F4xx\So
urce\arm\startup_apm32f40x.s
   Uses
      At line 87 in file libraries\APM32F4xx_Library\Device\Geehy\APM32F4xx\Sou
rce\arm\startup_apm32f40x.s
      At line 235 in file libraries\APM32F4xx_Library\Device\Geehy\APM32F4xx\So
urce\arm\startup_apm32f40x.s

DMA1_STR3_IRQHandler 0000001A

Symbol: DMA1_STR3_IRQHandler
   Definitions
      At line 320 in file libraries\APM32F4xx_Library\Device\Geehy\APM32F4xx\So
urce\arm\startup_apm32f40x.s
   Uses
      At line 88 in file libraries\APM32F4xx_Library\Device\Geehy\APM32F4xx\Sou
rce\arm\startup_apm32f40x.s
      At line 236 in file libraries\APM32F4xx_Library\Device\Geehy\APM32F4xx\So
urce\arm\startup_apm32f40x.s

DMA1_STR4_IRQHandler 0000001A

Symbol: DMA1_STR4_IRQHandler
   Definitions
      At line 321 in file libraries\APM32F4xx_Library\Device\Geehy\APM32F4xx\So
urce\arm\startup_apm32f40x.s
   Uses
      At line 89 in file libraries\APM32F4xx_Library\Device\Geehy\APM32F4xx\Sou
rce\arm\startup_apm32f40x.s
      At line 237 in file libraries\APM32F4xx_Library\Device\Geehy\APM32F4xx\So
urce\arm\startup_apm32f40x.s

DMA1_STR5_IRQHandler 0000001A

Symbol: DMA1_STR5_IRQHandler
   Definitions
      At line 322 in file libraries\APM32F4xx_Library\Device\Geehy\APM32F4xx\So
urce\arm\startup_apm32f40x.s
   Uses
      At line 90 in file libraries\APM32F4xx_Library\Device\Geehy\APM32F4xx\Sou
rce\arm\startup_apm32f40x.s
      At line 238 in file libraries\APM32F4xx_Library\Device\Geehy\APM32F4xx\So
urce\arm\startup_apm32f40x.s

DMA1_STR6_IRQHandler 0000001A

Symbol: DMA1_STR6_IRQHandler
   Definitions
      At line 323 in file libraries\APM32F4xx_Library\Device\Geehy\APM32F4xx\So
urce\arm\startup_apm32f40x.s
   Uses
      At line 91 in file libraries\APM32F4xx_Library\Device\Geehy\APM32F4xx\Sou
rce\arm\startup_apm32f40x.s
      At line 239 in file libraries\APM32F4xx_Library\Device\Geehy\APM32F4xx\So
urce\arm\startup_apm32f40x.s



ARM Macro Assembler    Page 5 Alphabetic symbol ordering
Relocatable symbols


DMA1_STR7_IRQHandler 0000001A

Symbol: DMA1_STR7_IRQHandler
   Definitions
      At line 353 in file libraries\APM32F4xx_Library\Device\Geehy\APM32F4xx\So
urce\arm\startup_apm32f40x.s
   Uses
      At line 121 in file libraries\APM32F4xx_Library\Device\Geehy\APM32F4xx\So
urce\arm\startup_apm32f40x.s
      At line 269 in file libraries\APM32F4xx_Library\Device\Geehy\APM32F4xx\So
urce\arm\startup_apm32f40x.s

DMA2_STR0_IRQHandler 0000001A

Symbol: DMA2_STR0_IRQHandler
   Definitions
      At line 362 in file libraries\APM32F4xx_Library\Device\Geehy\APM32F4xx\So
urce\arm\startup_apm32f40x.s
   Uses
      At line 130 in file libraries\APM32F4xx_Library\Device\Geehy\APM32F4xx\So
urce\arm\startup_apm32f40x.s
      At line 278 in file libraries\APM32F4xx_Library\Device\Geehy\APM32F4xx\So
urce\arm\startup_apm32f40x.s

DMA2_STR1_IRQHandler 0000001A

Symbol: DMA2_STR1_IRQHandler
   Definitions
      At line 363 in file libraries\APM32F4xx_Library\Device\Geehy\APM32F4xx\So
urce\arm\startup_apm32f40x.s
   Uses
      At line 131 in file libraries\APM32F4xx_Library\Device\Geehy\APM32F4xx\So
urce\arm\startup_apm32f40x.s
      At line 279 in file libraries\APM32F4xx_Library\Device\Geehy\APM32F4xx\So
urce\arm\startup_apm32f40x.s

DMA2_STR2_IRQHandler 0000001A

Symbol: DMA2_STR2_IRQHandler
   Definitions
      At line 364 in file libraries\APM32F4xx_Library\Device\Geehy\APM32F4xx\So
urce\arm\startup_apm32f40x.s
   Uses
      At line 132 in file libraries\APM32F4xx_Library\Device\Geehy\APM32F4xx\So
urce\arm\startup_apm32f40x.s
      At line 280 in file libraries\APM32F4xx_Library\Device\Geehy\APM32F4xx\So
urce\arm\startup_apm32f40x.s

DMA2_STR3_IRQHandler 0000001A

Symbol: DMA2_STR3_IRQHandler
   Definitions
      At line 365 in file libraries\APM32F4xx_Library\Device\Geehy\APM32F4xx\So
urce\arm\startup_apm32f40x.s
   Uses
      At line 133 in file libraries\APM32F4xx_Library\Device\Geehy\APM32F4xx\So
urce\arm\startup_apm32f40x.s
      At line 281 in file libraries\APM32F4xx_Library\Device\Geehy\APM32F4xx\So



ARM Macro Assembler    Page 6 Alphabetic symbol ordering
Relocatable symbols

urce\arm\startup_apm32f40x.s

DMA2_STR4_IRQHandler 0000001A

Symbol: DMA2_STR4_IRQHandler
   Definitions
      At line 366 in file libraries\APM32F4xx_Library\Device\Geehy\APM32F4xx\So
urce\arm\startup_apm32f40x.s
   Uses
      At line 134 in file libraries\APM32F4xx_Library\Device\Geehy\APM32F4xx\So
urce\arm\startup_apm32f40x.s
      At line 282 in file libraries\APM32F4xx_Library\Device\Geehy\APM32F4xx\So
urce\arm\startup_apm32f40x.s

DMA2_STR5_IRQHandler 0000001A

Symbol: DMA2_STR5_IRQHandler
   Definitions
      At line 374 in file libraries\APM32F4xx_Library\Device\Geehy\APM32F4xx\So
urce\arm\startup_apm32f40x.s
   Uses
      At line 142 in file libraries\APM32F4xx_Library\Device\Geehy\APM32F4xx\So
urce\arm\startup_apm32f40x.s
      At line 290 in file libraries\APM32F4xx_Library\Device\Geehy\APM32F4xx\So
urce\arm\startup_apm32f40x.s

DMA2_STR6_IRQHandler 0000001A

Symbol: DMA2_STR6_IRQHandler
   Definitions
      At line 375 in file libraries\APM32F4xx_Library\Device\Geehy\APM32F4xx\So
urce\arm\startup_apm32f40x.s
   Uses
      At line 143 in file libraries\APM32F4xx_Library\Device\Geehy\APM32F4xx\So
urce\arm\startup_apm32f40x.s
      At line 291 in file libraries\APM32F4xx_Library\Device\Geehy\APM32F4xx\So
urce\arm\startup_apm32f40x.s

DMA2_STR7_IRQHandler 0000001A

Symbol: DMA2_STR7_IRQHandler
   Definitions
      At line 376 in file libraries\APM32F4xx_Library\Device\Geehy\APM32F4xx\So
urce\arm\startup_apm32f40x.s
   Uses
      At line 144 in file libraries\APM32F4xx_Library\Device\Geehy\APM32F4xx\So
urce\arm\startup_apm32f40x.s
      At line 292 in file libraries\APM32F4xx_Library\Device\Geehy\APM32F4xx\So
urce\arm\startup_apm32f40x.s

DebugMon_Handler 00000014

Symbol: DebugMon_Handler
   Definitions
      At line 207 in file libraries\APM32F4xx_Library\Device\Geehy\APM32F4xx\So
urce\arm\startup_apm32f40x.s
   Uses
      At line 68 in file libraries\APM32F4xx_Library\Device\Geehy\APM32F4xx\Sou
rce\arm\startup_apm32f40x.s



ARM Macro Assembler    Page 7 Alphabetic symbol ordering
Relocatable symbols

      At line 208 in file libraries\APM32F4xx_Library\Device\Geehy\APM32F4xx\So
urce\arm\startup_apm32f40x.s

Default_Handler 0000001A

Symbol: Default_Handler
   Definitions
      At line 220 in file libraries\APM32F4xx_Library\Device\Geehy\APM32F4xx\So
urce\arm\startup_apm32f40x.s
   Uses
      None
Comment: Default_Handler unused
EINT0_IRQHandler 0000001A

Symbol: EINT0_IRQHandler
   Definitions
      At line 312 in file libraries\APM32F4xx_Library\Device\Geehy\APM32F4xx\So
urce\arm\startup_apm32f40x.s
   Uses
      At line 80 in file libraries\APM32F4xx_Library\Device\Geehy\APM32F4xx\Sou
rce\arm\startup_apm32f40x.s
      At line 228 in file libraries\APM32F4xx_Library\Device\Geehy\APM32F4xx\So
urce\arm\startup_apm32f40x.s

EINT15_10_IRQHandler 0000001A

Symbol: EINT15_10_IRQHandler
   Definitions
      At line 346 in file libraries\APM32F4xx_Library\Device\Geehy\APM32F4xx\So
urce\arm\startup_apm32f40x.s
   Uses
      At line 114 in file libraries\APM32F4xx_Library\Device\Geehy\APM32F4xx\So
urce\arm\startup_apm32f40x.s
      At line 262 in file libraries\APM32F4xx_Library\Device\Geehy\APM32F4xx\So
urce\arm\startup_apm32f40x.s

EINT1_IRQHandler 0000001A

Symbol: EINT1_IRQHandler
   Definitions
      At line 313 in file libraries\APM32F4xx_Library\Device\Geehy\APM32F4xx\So
urce\arm\startup_apm32f40x.s
   Uses
      At line 81 in file libraries\APM32F4xx_Library\Device\Geehy\APM32F4xx\Sou
rce\arm\startup_apm32f40x.s
      At line 229 in file libraries\APM32F4xx_Library\Device\Geehy\APM32F4xx\So
urce\arm\startup_apm32f40x.s

EINT2_IRQHandler 0000001A

Symbol: EINT2_IRQHandler
   Definitions
      At line 314 in file libraries\APM32F4xx_Library\Device\Geehy\APM32F4xx\So
urce\arm\startup_apm32f40x.s
   Uses
      At line 82 in file libraries\APM32F4xx_Library\Device\Geehy\APM32F4xx\Sou
rce\arm\startup_apm32f40x.s
      At line 230 in file libraries\APM32F4xx_Library\Device\Geehy\APM32F4xx\So
urce\arm\startup_apm32f40x.s



ARM Macro Assembler    Page 8 Alphabetic symbol ordering
Relocatable symbols


EINT3_IRQHandler 0000001A

Symbol: EINT3_IRQHandler
   Definitions
      At line 315 in file libraries\APM32F4xx_Library\Device\Geehy\APM32F4xx\So
urce\arm\startup_apm32f40x.s
   Uses
      At line 83 in file libraries\APM32F4xx_Library\Device\Geehy\APM32F4xx\Sou
rce\arm\startup_apm32f40x.s
      At line 231 in file libraries\APM32F4xx_Library\Device\Geehy\APM32F4xx\So
urce\arm\startup_apm32f40x.s

EINT4_IRQHandler 0000001A

Symbol: EINT4_IRQHandler
   Definitions
      At line 316 in file libraries\APM32F4xx_Library\Device\Geehy\APM32F4xx\So
urce\arm\startup_apm32f40x.s
   Uses
      At line 84 in file libraries\APM32F4xx_Library\Device\Geehy\APM32F4xx\Sou
rce\arm\startup_apm32f40x.s
      At line 232 in file libraries\APM32F4xx_Library\Device\Geehy\APM32F4xx\So
urce\arm\startup_apm32f40x.s

EINT9_5_IRQHandler 0000001A

Symbol: EINT9_5_IRQHandler
   Definitions
      At line 329 in file libraries\APM32F4xx_Library\Device\Geehy\APM32F4xx\So
urce\arm\startup_apm32f40x.s
   Uses
      At line 97 in file libraries\APM32F4xx_Library\Device\Geehy\APM32F4xx\Sou
rce\arm\startup_apm32f40x.s
      At line 245 in file libraries\APM32F4xx_Library\Device\Geehy\APM32F4xx\So
urce\arm\startup_apm32f40x.s

EMMC_IRQHandler 0000001A

Symbol: EMMC_IRQHandler
   Definitions
      At line 354 in file libraries\APM32F4xx_Library\Device\Geehy\APM32F4xx\So
urce\arm\startup_apm32f40x.s
   Uses
      At line 122 in file libraries\APM32F4xx_Library\Device\Geehy\APM32F4xx\So
urce\arm\startup_apm32f40x.s
      At line 270 in file libraries\APM32F4xx_Library\Device\Geehy\APM32F4xx\So
urce\arm\startup_apm32f40x.s

ETH_IRQHandler 0000001A

Symbol: ETH_IRQHandler
   Definitions
      At line 367 in file libraries\APM32F4xx_Library\Device\Geehy\APM32F4xx\So
urce\arm\startup_apm32f40x.s
   Uses
      At line 135 in file libraries\APM32F4xx_Library\Device\Geehy\APM32F4xx\So
urce\arm\startup_apm32f40x.s
      At line 283 in file libraries\APM32F4xx_Library\Device\Geehy\APM32F4xx\So



ARM Macro Assembler    Page 9 Alphabetic symbol ordering
Relocatable symbols

urce\arm\startup_apm32f40x.s

ETH_WKUP_IRQHandler 0000001A

Symbol: ETH_WKUP_IRQHandler
   Definitions
      At line 368 in file libraries\APM32F4xx_Library\Device\Geehy\APM32F4xx\So
urce\arm\startup_apm32f40x.s
   Uses
      At line 136 in file libraries\APM32F4xx_Library\Device\Geehy\APM32F4xx\So
urce\arm\startup_apm32f40x.s
      At line 284 in file libraries\APM32F4xx_Library\Device\Geehy\APM32F4xx\So
urce\arm\startup_apm32f40x.s

FLASH_IRQHandler 0000001A

Symbol: FLASH_IRQHandler
   Definitions
      At line 310 in file libraries\APM32F4xx_Library\Device\Geehy\APM32F4xx\So
urce\arm\startup_apm32f40x.s
   Uses
      At line 78 in file libraries\APM32F4xx_Library\Device\Geehy\APM32F4xx\Sou
rce\arm\startup_apm32f40x.s
      At line 226 in file libraries\APM32F4xx_Library\Device\Geehy\APM32F4xx\So
urce\arm\startup_apm32f40x.s

FPU_IRQHandler 0000001A

Symbol: FPU_IRQHandler
   Definitions
      At line 385 in file libraries\APM32F4xx_Library\Device\Geehy\APM32F4xx\So
urce\arm\startup_apm32f40x.s
   Uses
      At line 155 in file libraries\APM32F4xx_Library\Device\Geehy\APM32F4xx\So
urce\arm\startup_apm32f40x.s
      At line 301 in file libraries\APM32F4xx_Library\Device\Geehy\APM32F4xx\So
urce\arm\startup_apm32f40x.s

HardFault_Handler 0000000A

Symbol: HardFault_Handler
   Definitions
      At line 183 in file libraries\APM32F4xx_Library\Device\Geehy\APM32F4xx\So
urce\arm\startup_apm32f40x.s
   Uses
      At line 59 in file libraries\APM32F4xx_Library\Device\Geehy\APM32F4xx\Sou
rce\arm\startup_apm32f40x.s
      At line 184 in file libraries\APM32F4xx_Library\Device\Geehy\APM32F4xx\So
urce\arm\startup_apm32f40x.s

I2C1_ER_IRQHandler 0000001A

Symbol: I2C1_ER_IRQHandler
   Definitions
      At line 338 in file libraries\APM32F4xx_Library\Device\Geehy\APM32F4xx\So
urce\arm\startup_apm32f40x.s
   Uses
      At line 106 in file libraries\APM32F4xx_Library\Device\Geehy\APM32F4xx\So
urce\arm\startup_apm32f40x.s



ARM Macro Assembler    Page 10 Alphabetic symbol ordering
Relocatable symbols

      At line 254 in file libraries\APM32F4xx_Library\Device\Geehy\APM32F4xx\So
urce\arm\startup_apm32f40x.s

I2C1_EV_IRQHandler 0000001A

Symbol: I2C1_EV_IRQHandler
   Definitions
      At line 337 in file libraries\APM32F4xx_Library\Device\Geehy\APM32F4xx\So
urce\arm\startup_apm32f40x.s
   Uses
      At line 105 in file libraries\APM32F4xx_Library\Device\Geehy\APM32F4xx\So
urce\arm\startup_apm32f40x.s
      At line 253 in file libraries\APM32F4xx_Library\Device\Geehy\APM32F4xx\So
urce\arm\startup_apm32f40x.s

I2C2_ER_IRQHandler 0000001A

Symbol: I2C2_ER_IRQHandler
   Definitions
      At line 340 in file libraries\APM32F4xx_Library\Device\Geehy\APM32F4xx\So
urce\arm\startup_apm32f40x.s
   Uses
      At line 108 in file libraries\APM32F4xx_Library\Device\Geehy\APM32F4xx\So
urce\arm\startup_apm32f40x.s
      At line 256 in file libraries\APM32F4xx_Library\Device\Geehy\APM32F4xx\So
urce\arm\startup_apm32f40x.s

I2C2_EV_IRQHandler 0000001A

Symbol: I2C2_EV_IRQHandler
   Definitions
      At line 339 in file libraries\APM32F4xx_Library\Device\Geehy\APM32F4xx\So
urce\arm\startup_apm32f40x.s
   Uses
      At line 107 in file libraries\APM32F4xx_Library\Device\Geehy\APM32F4xx\So
urce\arm\startup_apm32f40x.s
      At line 255 in file libraries\APM32F4xx_Library\Device\Geehy\APM32F4xx\So
urce\arm\startup_apm32f40x.s

I2C3_ER_IRQHandler 0000001A

Symbol: I2C3_ER_IRQHandler
   Definitions
      At line 379 in file libraries\APM32F4xx_Library\Device\Geehy\APM32F4xx\So
urce\arm\startup_apm32f40x.s
   Uses
      At line 147 in file libraries\APM32F4xx_Library\Device\Geehy\APM32F4xx\So
urce\arm\startup_apm32f40x.s
      At line 295 in file libraries\APM32F4xx_Library\Device\Geehy\APM32F4xx\So
urce\arm\startup_apm32f40x.s

I2C3_EV_IRQHandler 0000001A

Symbol: I2C3_EV_IRQHandler
   Definitions
      At line 378 in file libraries\APM32F4xx_Library\Device\Geehy\APM32F4xx\So
urce\arm\startup_apm32f40x.s
   Uses
      At line 146 in file libraries\APM32F4xx_Library\Device\Geehy\APM32F4xx\So



ARM Macro Assembler    Page 11 Alphabetic symbol ordering
Relocatable symbols

urce\arm\startup_apm32f40x.s
      At line 294 in file libraries\APM32F4xx_Library\Device\Geehy\APM32F4xx\So
urce\arm\startup_apm32f40x.s

MemManage_Handler 0000000C

Symbol: MemManage_Handler
   Definitions
      At line 188 in file libraries\APM32F4xx_Library\Device\Geehy\APM32F4xx\So
urce\arm\startup_apm32f40x.s
   Uses
      At line 60 in file libraries\APM32F4xx_Library\Device\Geehy\APM32F4xx\Sou
rce\arm\startup_apm32f40x.s
      At line 189 in file libraries\APM32F4xx_Library\Device\Geehy\APM32F4xx\So
urce\arm\startup_apm32f40x.s

NMI_Handler 00000008

Symbol: NMI_Handler
   Definitions
      At line 178 in file libraries\APM32F4xx_Library\Device\Geehy\APM32F4xx\So
urce\arm\startup_apm32f40x.s
   Uses
      At line 58 in file libraries\APM32F4xx_Library\Device\Geehy\APM32F4xx\Sou
rce\arm\startup_apm32f40x.s
      At line 179 in file libraries\APM32F4xx_Library\Device\Geehy\APM32F4xx\So
urce\arm\startup_apm32f40x.s

OTG_FS_IRQHandler 0000001A

Symbol: OTG_FS_IRQHandler
   Definitions
      At line 373 in file libraries\APM32F4xx_Library\Device\Geehy\APM32F4xx\So
urce\arm\startup_apm32f40x.s
   Uses
      At line 141 in file libraries\APM32F4xx_Library\Device\Geehy\APM32F4xx\So
urce\arm\startup_apm32f40x.s
      At line 289 in file libraries\APM32F4xx_Library\Device\Geehy\APM32F4xx\So
urce\arm\startup_apm32f40x.s

OTG_FS_WKUP_IRQHandler 0000001A

Symbol: OTG_FS_WKUP_IRQHandler
   Definitions
      At line 348 in file libraries\APM32F4xx_Library\Device\Geehy\APM32F4xx\So
urce\arm\startup_apm32f40x.s
   Uses
      At line 116 in file libraries\APM32F4xx_Library\Device\Geehy\APM32F4xx\So
urce\arm\startup_apm32f40x.s
      At line 264 in file libraries\APM32F4xx_Library\Device\Geehy\APM32F4xx\So
urce\arm\startup_apm32f40x.s

OTG_HS1_EP1_IN_IRQHandler 0000001A

Symbol: OTG_HS1_EP1_IN_IRQHandler
   Definitions
      At line 381 in file libraries\APM32F4xx_Library\Device\Geehy\APM32F4xx\So
urce\arm\startup_apm32f40x.s
   Uses



ARM Macro Assembler    Page 12 Alphabetic symbol ordering
Relocatable symbols

      At line 149 in file libraries\APM32F4xx_Library\Device\Geehy\APM32F4xx\So
urce\arm\startup_apm32f40x.s
      At line 297 in file libraries\APM32F4xx_Library\Device\Geehy\APM32F4xx\So
urce\arm\startup_apm32f40x.s

OTG_HS1_EP1_OUT_IRQHandler 0000001A

Symbol: OTG_HS1_EP1_OUT_IRQHandler
   Definitions
      At line 380 in file libraries\APM32F4xx_Library\Device\Geehy\APM32F4xx\So
urce\arm\startup_apm32f40x.s
   Uses
      At line 148 in file libraries\APM32F4xx_Library\Device\Geehy\APM32F4xx\So
urce\arm\startup_apm32f40x.s
      At line 296 in file libraries\APM32F4xx_Library\Device\Geehy\APM32F4xx\So
urce\arm\startup_apm32f40x.s

OTG_HS1_IRQHandler 0000001A

Symbol: OTG_HS1_IRQHandler
   Definitions
      At line 383 in file libraries\APM32F4xx_Library\Device\Geehy\APM32F4xx\So
urce\arm\startup_apm32f40x.s
   Uses
      At line 151 in file libraries\APM32F4xx_Library\Device\Geehy\APM32F4xx\So
urce\arm\startup_apm32f40x.s
      At line 299 in file libraries\APM32F4xx_Library\Device\Geehy\APM32F4xx\So
urce\arm\startup_apm32f40x.s

OTG_HS1_WKUP_IRQHandler 0000001A

Symbol: OTG_HS1_WKUP_IRQHandler
   Definitions
      At line 382 in file libraries\APM32F4xx_Library\Device\Geehy\APM32F4xx\So
urce\arm\startup_apm32f40x.s
   Uses
      At line 150 in file libraries\APM32F4xx_Library\Device\Geehy\APM32F4xx\So
urce\arm\startup_apm32f40x.s
      At line 298 in file libraries\APM32F4xx_Library\Device\Geehy\APM32F4xx\So
urce\arm\startup_apm32f40x.s

PVD_IRQHandler 0000001A

Symbol: PVD_IRQHandler
   Definitions
      At line 307 in file libraries\APM32F4xx_Library\Device\Geehy\APM32F4xx\So
urce\arm\startup_apm32f40x.s
   Uses
      At line 75 in file libraries\APM32F4xx_Library\Device\Geehy\APM32F4xx\Sou
rce\arm\startup_apm32f40x.s
      At line 223 in file libraries\APM32F4xx_Library\Device\Geehy\APM32F4xx\So
urce\arm\startup_apm32f40x.s

PendSV_Handler 00000016

Symbol: PendSV_Handler
   Definitions
      At line 211 in file libraries\APM32F4xx_Library\Device\Geehy\APM32F4xx\So
urce\arm\startup_apm32f40x.s



ARM Macro Assembler    Page 13 Alphabetic symbol ordering
Relocatable symbols

   Uses
      At line 70 in file libraries\APM32F4xx_Library\Device\Geehy\APM32F4xx\Sou
rce\arm\startup_apm32f40x.s
      At line 212 in file libraries\APM32F4xx_Library\Device\Geehy\APM32F4xx\So
urce\arm\startup_apm32f40x.s

RCM_IRQHandler 0000001A

Symbol: RCM_IRQHandler
   Definitions
      At line 311 in file libraries\APM32F4xx_Library\Device\Geehy\APM32F4xx\So
urce\arm\startup_apm32f40x.s
   Uses
      At line 79 in file libraries\APM32F4xx_Library\Device\Geehy\APM32F4xx\Sou
rce\arm\startup_apm32f40x.s
      At line 227 in file libraries\APM32F4xx_Library\Device\Geehy\APM32F4xx\So
urce\arm\startup_apm32f40x.s

RTC_Alarm_IRQHandler 0000001A

Symbol: RTC_Alarm_IRQHandler
   Definitions
      At line 347 in file libraries\APM32F4xx_Library\Device\Geehy\APM32F4xx\So
urce\arm\startup_apm32f40x.s
   Uses
      At line 115 in file libraries\APM32F4xx_Library\Device\Geehy\APM32F4xx\So
urce\arm\startup_apm32f40x.s
      At line 263 in file libraries\APM32F4xx_Library\Device\Geehy\APM32F4xx\So
urce\arm\startup_apm32f40x.s

RTC_WKUP_IRQHandler 0000001A

Symbol: RTC_WKUP_IRQHandler
   Definitions
      At line 309 in file libraries\APM32F4xx_Library\Device\Geehy\APM32F4xx\So
urce\arm\startup_apm32f40x.s
   Uses
      At line 77 in file libraries\APM32F4xx_Library\Device\Geehy\APM32F4xx\Sou
rce\arm\startup_apm32f40x.s
      At line 225 in file libraries\APM32F4xx_Library\Device\Geehy\APM32F4xx\So
urce\arm\startup_apm32f40x.s

Reset_Handler 00000000

Symbol: Reset_Handler
   Definitions
      At line 166 in file libraries\APM32F4xx_Library\Device\Geehy\APM32F4xx\So
urce\arm\startup_apm32f40x.s
   Uses
      At line 57 in file libraries\APM32F4xx_Library\Device\Geehy\APM32F4xx\Sou
rce\arm\startup_apm32f40x.s
      At line 167 in file libraries\APM32F4xx_Library\Device\Geehy\APM32F4xx\So
urce\arm\startup_apm32f40x.s

SDIO_IRQHandler 0000001A

Symbol: SDIO_IRQHandler
   Definitions
      At line 355 in file libraries\APM32F4xx_Library\Device\Geehy\APM32F4xx\So



ARM Macro Assembler    Page 14 Alphabetic symbol ordering
Relocatable symbols

urce\arm\startup_apm32f40x.s
   Uses
      At line 123 in file libraries\APM32F4xx_Library\Device\Geehy\APM32F4xx\So
urce\arm\startup_apm32f40x.s
      At line 271 in file libraries\APM32F4xx_Library\Device\Geehy\APM32F4xx\So
urce\arm\startup_apm32f40x.s

SM3_IRQHandler 0000001A

Symbol: SM3_IRQHandler
   Definitions
      At line 386 in file libraries\APM32F4xx_Library\Device\Geehy\APM32F4xx\So
urce\arm\startup_apm32f40x.s
   Uses
      At line 156 in file libraries\APM32F4xx_Library\Device\Geehy\APM32F4xx\So
urce\arm\startup_apm32f40x.s
      At line 302 in file libraries\APM32F4xx_Library\Device\Geehy\APM32F4xx\So
urce\arm\startup_apm32f40x.s

SM4_IRQHandler 0000001A

Symbol: SM4_IRQHandler
   Definitions
      At line 387 in file libraries\APM32F4xx_Library\Device\Geehy\APM32F4xx\So
urce\arm\startup_apm32f40x.s
   Uses
      At line 157 in file libraries\APM32F4xx_Library\Device\Geehy\APM32F4xx\So
urce\arm\startup_apm32f40x.s
      At line 303 in file libraries\APM32F4xx_Library\Device\Geehy\APM32F4xx\So
urce\arm\startup_apm32f40x.s

SPI1_IRQHandler 0000001A

Symbol: SPI1_IRQHandler
   Definitions
      At line 341 in file libraries\APM32F4xx_Library\Device\Geehy\APM32F4xx\So
urce\arm\startup_apm32f40x.s
   Uses
      At line 109 in file libraries\APM32F4xx_Library\Device\Geehy\APM32F4xx\So
urce\arm\startup_apm32f40x.s
      At line 257 in file libraries\APM32F4xx_Library\Device\Geehy\APM32F4xx\So
urce\arm\startup_apm32f40x.s

SPI2_IRQHandler 0000001A

Symbol: SPI2_IRQHandler
   Definitions
      At line 342 in file libraries\APM32F4xx_Library\Device\Geehy\APM32F4xx\So
urce\arm\startup_apm32f40x.s
   Uses
      At line 110 in file libraries\APM32F4xx_Library\Device\Geehy\APM32F4xx\So
urce\arm\startup_apm32f40x.s
      At line 258 in file libraries\APM32F4xx_Library\Device\Geehy\APM32F4xx\So
urce\arm\startup_apm32f40x.s

SPI3_IRQHandler 0000001A

Symbol: SPI3_IRQHandler
   Definitions



ARM Macro Assembler    Page 15 Alphabetic symbol ordering
Relocatable symbols

      At line 357 in file libraries\APM32F4xx_Library\Device\Geehy\APM32F4xx\So
urce\arm\startup_apm32f40x.s
   Uses
      At line 125 in file libraries\APM32F4xx_Library\Device\Geehy\APM32F4xx\So
urce\arm\startup_apm32f40x.s
      At line 273 in file libraries\APM32F4xx_Library\Device\Geehy\APM32F4xx\So
urce\arm\startup_apm32f40x.s

SVC_Handler 00000012

Symbol: SVC_Handler
   Definitions
      At line 202 in file libraries\APM32F4xx_Library\Device\Geehy\APM32F4xx\So
urce\arm\startup_apm32f40x.s
   Uses
      At line 67 in file libraries\APM32F4xx_Library\Device\Geehy\APM32F4xx\Sou
rce\arm\startup_apm32f40x.s
      At line 203 in file libraries\APM32F4xx_Library\Device\Geehy\APM32F4xx\So
urce\arm\startup_apm32f40x.s

SysTick_Handler 00000018

Symbol: SysTick_Handler
   Definitions
      At line 215 in file libraries\APM32F4xx_Library\Device\Geehy\APM32F4xx\So
urce\arm\startup_apm32f40x.s
   Uses
      At line 71 in file libraries\APM32F4xx_Library\Device\Geehy\APM32F4xx\Sou
rce\arm\startup_apm32f40x.s
      At line 216 in file libraries\APM32F4xx_Library\Device\Geehy\APM32F4xx\So
urce\arm\startup_apm32f40x.s

TAMP_STAMP_IRQHandler 0000001A

Symbol: TAMP_STAMP_IRQHandler
   Definitions
      At line 308 in file libraries\APM32F4xx_Library\Device\Geehy\APM32F4xx\So
urce\arm\startup_apm32f40x.s
   Uses
      At line 76 in file libraries\APM32F4xx_Library\Device\Geehy\APM32F4xx\Sou
rce\arm\startup_apm32f40x.s
      At line 224 in file libraries\APM32F4xx_Library\Device\Geehy\APM32F4xx\So
urce\arm\startup_apm32f40x.s

TMR1_BRK_TMR9_IRQHandler 0000001A

Symbol: TMR1_BRK_TMR9_IRQHandler
   Definitions
      At line 330 in file libraries\APM32F4xx_Library\Device\Geehy\APM32F4xx\So
urce\arm\startup_apm32f40x.s
   Uses
      At line 98 in file libraries\APM32F4xx_Library\Device\Geehy\APM32F4xx\Sou
rce\arm\startup_apm32f40x.s
      At line 246 in file libraries\APM32F4xx_Library\Device\Geehy\APM32F4xx\So
urce\arm\startup_apm32f40x.s

TMR1_CC_IRQHandler 0000001A

Symbol: TMR1_CC_IRQHandler



ARM Macro Assembler    Page 16 Alphabetic symbol ordering
Relocatable symbols

   Definitions
      At line 333 in file libraries\APM32F4xx_Library\Device\Geehy\APM32F4xx\So
urce\arm\startup_apm32f40x.s
   Uses
      At line 101 in file libraries\APM32F4xx_Library\Device\Geehy\APM32F4xx\So
urce\arm\startup_apm32f40x.s
      At line 249 in file libraries\APM32F4xx_Library\Device\Geehy\APM32F4xx\So
urce\arm\startup_apm32f40x.s

TMR1_TRG_COM_TMR11_IRQHandler 0000001A

Symbol: TMR1_TRG_COM_TMR11_IRQHandler
   Definitions
      At line 332 in file libraries\APM32F4xx_Library\Device\Geehy\APM32F4xx\So
urce\arm\startup_apm32f40x.s
   Uses
      At line 100 in file libraries\APM32F4xx_Library\Device\Geehy\APM32F4xx\So
urce\arm\startup_apm32f40x.s
      At line 248 in file libraries\APM32F4xx_Library\Device\Geehy\APM32F4xx\So
urce\arm\startup_apm32f40x.s

TMR1_UP_TMR10_IRQHandler 0000001A

Symbol: TMR1_UP_TMR10_IRQHandler
   Definitions
      At line 331 in file libraries\APM32F4xx_Library\Device\Geehy\APM32F4xx\So
urce\arm\startup_apm32f40x.s
   Uses
      At line 99 in file libraries\APM32F4xx_Library\Device\Geehy\APM32F4xx\Sou
rce\arm\startup_apm32f40x.s
      At line 247 in file libraries\APM32F4xx_Library\Device\Geehy\APM32F4xx\So
urce\arm\startup_apm32f40x.s

TMR2_IRQHandler 0000001A

Symbol: TMR2_IRQHandler
   Definitions
      At line 334 in file libraries\APM32F4xx_Library\Device\Geehy\APM32F4xx\So
urce\arm\startup_apm32f40x.s
   Uses
      At line 102 in file libraries\APM32F4xx_Library\Device\Geehy\APM32F4xx\So
urce\arm\startup_apm32f40x.s
      At line 250 in file libraries\APM32F4xx_Library\Device\Geehy\APM32F4xx\So
urce\arm\startup_apm32f40x.s

TMR3_IRQHandler 0000001A

Symbol: TMR3_IRQHandler
   Definitions
      At line 335 in file libraries\APM32F4xx_Library\Device\Geehy\APM32F4xx\So
urce\arm\startup_apm32f40x.s
   Uses
      At line 103 in file libraries\APM32F4xx_Library\Device\Geehy\APM32F4xx\So
urce\arm\startup_apm32f40x.s
      At line 251 in file libraries\APM32F4xx_Library\Device\Geehy\APM32F4xx\So
urce\arm\startup_apm32f40x.s

TMR4_IRQHandler 0000001A




ARM Macro Assembler    Page 17 Alphabetic symbol ordering
Relocatable symbols

Symbol: TMR4_IRQHandler
   Definitions
      At line 336 in file libraries\APM32F4xx_Library\Device\Geehy\APM32F4xx\So
urce\arm\startup_apm32f40x.s
   Uses
      At line 104 in file libraries\APM32F4xx_Library\Device\Geehy\APM32F4xx\So
urce\arm\startup_apm32f40x.s
      At line 252 in file libraries\APM32F4xx_Library\Device\Geehy\APM32F4xx\So
urce\arm\startup_apm32f40x.s

TMR5_IRQHandler 0000001A

Symbol: TMR5_IRQHandler
   Definitions
      At line 356 in file libraries\APM32F4xx_Library\Device\Geehy\APM32F4xx\So
urce\arm\startup_apm32f40x.s
   Uses
      At line 124 in file libraries\APM32F4xx_Library\Device\Geehy\APM32F4xx\So
urce\arm\startup_apm32f40x.s
      At line 272 in file libraries\APM32F4xx_Library\Device\Geehy\APM32F4xx\So
urce\arm\startup_apm32f40x.s

TMR6_DAC_IRQHandler 0000001A

Symbol: TMR6_DAC_IRQHandler
   Definitions
      At line 360 in file libraries\APM32F4xx_Library\Device\Geehy\APM32F4xx\So
urce\arm\startup_apm32f40x.s
   Uses
      At line 128 in file libraries\APM32F4xx_Library\Device\Geehy\APM32F4xx\So
urce\arm\startup_apm32f40x.s
      At line 276 in file libraries\APM32F4xx_Library\Device\Geehy\APM32F4xx\So
urce\arm\startup_apm32f40x.s

TMR7_IRQHandler 0000001A

Symbol: TMR7_IRQHandler
   Definitions
      At line 361 in file libraries\APM32F4xx_Library\Device\Geehy\APM32F4xx\So
urce\arm\startup_apm32f40x.s
   Uses
      At line 129 in file libraries\APM32F4xx_Library\Device\Geehy\APM32F4xx\So
urce\arm\startup_apm32f40x.s
      At line 277 in file libraries\APM32F4xx_Library\Device\Geehy\APM32F4xx\So
urce\arm\startup_apm32f40x.s

TMR8_BRK_TMR12_IRQHandler 0000001A

Symbol: TMR8_BRK_TMR12_IRQHandler
   Definitions
      At line 349 in file libraries\APM32F4xx_Library\Device\Geehy\APM32F4xx\So
urce\arm\startup_apm32f40x.s
   Uses
      At line 117 in file libraries\APM32F4xx_Library\Device\Geehy\APM32F4xx\So
urce\arm\startup_apm32f40x.s
      At line 265 in file libraries\APM32F4xx_Library\Device\Geehy\APM32F4xx\So
urce\arm\startup_apm32f40x.s

TMR8_CC_IRQHandler 0000001A



ARM Macro Assembler    Page 18 Alphabetic symbol ordering
Relocatable symbols


Symbol: TMR8_CC_IRQHandler
   Definitions
      At line 352 in file libraries\APM32F4xx_Library\Device\Geehy\APM32F4xx\So
urce\arm\startup_apm32f40x.s
   Uses
      At line 120 in file libraries\APM32F4xx_Library\Device\Geehy\APM32F4xx\So
urce\arm\startup_apm32f40x.s
      At line 268 in file libraries\APM32F4xx_Library\Device\Geehy\APM32F4xx\So
urce\arm\startup_apm32f40x.s

TMR8_TRG_COM_TMR14_IRQHandler 0000001A

Symbol: TMR8_TRG_COM_TMR14_IRQHandler
   Definitions
      At line 351 in file libraries\APM32F4xx_Library\Device\Geehy\APM32F4xx\So
urce\arm\startup_apm32f40x.s
   Uses
      At line 119 in file libraries\APM32F4xx_Library\Device\Geehy\APM32F4xx\So
urce\arm\startup_apm32f40x.s
      At line 267 in file libraries\APM32F4xx_Library\Device\Geehy\APM32F4xx\So
urce\arm\startup_apm32f40x.s

TMR8_UP_TMR13_IRQHandler 0000001A

Symbol: TMR8_UP_TMR13_IRQHandler
   Definitions
      At line 350 in file libraries\APM32F4xx_Library\Device\Geehy\APM32F4xx\So
urce\arm\startup_apm32f40x.s
   Uses
      At line 118 in file libraries\APM32F4xx_Library\Device\Geehy\APM32F4xx\So
urce\arm\startup_apm32f40x.s
      At line 266 in file libraries\APM32F4xx_Library\Device\Geehy\APM32F4xx\So
urce\arm\startup_apm32f40x.s

UART4_IRQHandler 0000001A

Symbol: UART4_IRQHandler
   Definitions
      At line 358 in file libraries\APM32F4xx_Library\Device\Geehy\APM32F4xx\So
urce\arm\startup_apm32f40x.s
   Uses
      At line 126 in file libraries\APM32F4xx_Library\Device\Geehy\APM32F4xx\So
urce\arm\startup_apm32f40x.s
      At line 274 in file libraries\APM32F4xx_Library\Device\Geehy\APM32F4xx\So
urce\arm\startup_apm32f40x.s

UART5_IRQHandler 0000001A

Symbol: UART5_IRQHandler
   Definitions
      At line 359 in file libraries\APM32F4xx_Library\Device\Geehy\APM32F4xx\So
urce\arm\startup_apm32f40x.s
   Uses
      At line 127 in file libraries\APM32F4xx_Library\Device\Geehy\APM32F4xx\So
urce\arm\startup_apm32f40x.s
      At line 275 in file libraries\APM32F4xx_Library\Device\Geehy\APM32F4xx\So
urce\arm\startup_apm32f40x.s




ARM Macro Assembler    Page 19 Alphabetic symbol ordering
Relocatable symbols

USART1_IRQHandler 0000001A

Symbol: USART1_IRQHandler
   Definitions
      At line 343 in file libraries\APM32F4xx_Library\Device\Geehy\APM32F4xx\So
urce\arm\startup_apm32f40x.s
   Uses
      At line 111 in file libraries\APM32F4xx_Library\Device\Geehy\APM32F4xx\So
urce\arm\startup_apm32f40x.s
      At line 259 in file libraries\APM32F4xx_Library\Device\Geehy\APM32F4xx\So
urce\arm\startup_apm32f40x.s

USART2_IRQHandler 0000001A

Symbol: USART2_IRQHandler
   Definitions
      At line 344 in file libraries\APM32F4xx_Library\Device\Geehy\APM32F4xx\So
urce\arm\startup_apm32f40x.s
   Uses
      At line 112 in file libraries\APM32F4xx_Library\Device\Geehy\APM32F4xx\So
urce\arm\startup_apm32f40x.s
      At line 260 in file libraries\APM32F4xx_Library\Device\Geehy\APM32F4xx\So
urce\arm\startup_apm32f40x.s

USART3_IRQHandler 0000001A

Symbol: USART3_IRQHandler
   Definitions
      At line 345 in file libraries\APM32F4xx_Library\Device\Geehy\APM32F4xx\So
urce\arm\startup_apm32f40x.s
   Uses
      At line 113 in file libraries\APM32F4xx_Library\Device\Geehy\APM32F4xx\So
urce\arm\startup_apm32f40x.s
      At line 261 in file libraries\APM32F4xx_Library\Device\Geehy\APM32F4xx\So
urce\arm\startup_apm32f40x.s

USART6_IRQHandler 0000001A

Symbol: USART6_IRQHandler
   Definitions
      At line 377 in file libraries\APM32F4xx_Library\Device\Geehy\APM32F4xx\So
urce\arm\startup_apm32f40x.s
   Uses
      At line 145 in file libraries\APM32F4xx_Library\Device\Geehy\APM32F4xx\So
urce\arm\startup_apm32f40x.s
      At line 293 in file libraries\APM32F4xx_Library\Device\Geehy\APM32F4xx\So
urce\arm\startup_apm32f40x.s

UsageFault_Handler 00000010

Symbol: UsageFault_Handler
   Definitions
      At line 198 in file libraries\APM32F4xx_Library\Device\Geehy\APM32F4xx\So
urce\arm\startup_apm32f40x.s
   Uses
      At line 62 in file libraries\APM32F4xx_Library\Device\Geehy\APM32F4xx\Sou
rce\arm\startup_apm32f40x.s
      At line 199 in file libraries\APM32F4xx_Library\Device\Geehy\APM32F4xx\So
urce\arm\startup_apm32f40x.s



ARM Macro Assembler    Page 20 Alphabetic symbol ordering
Relocatable symbols


WWDT_IRQHandler 0000001A

Symbol: WWDT_IRQHandler
   Definitions
      At line 306 in file libraries\APM32F4xx_Library\Device\Geehy\APM32F4xx\So
urce\arm\startup_apm32f40x.s
   Uses
      At line 74 in file libraries\APM32F4xx_Library\Device\Geehy\APM32F4xx\Sou
rce\arm\startup_apm32f40x.s
      At line 222 in file libraries\APM32F4xx_Library\Device\Geehy\APM32F4xx\So
urce\arm\startup_apm32f40x.s

__user_initial_stackheap 0000001C

Symbol: __user_initial_stackheap
   Definitions
      At line 410 in file libraries\APM32F4xx_Library\Device\Geehy\APM32F4xx\So
urce\arm\startup_apm32f40x.s
   Uses
      At line 408 in file libraries\APM32F4xx_Library\Device\Geehy\APM32F4xx\So
urce\arm\startup_apm32f40x.s
Comment: __user_initial_stackheap used once
96 symbols



ARM Macro Assembler    Page 1 Alphabetic symbol ordering
Absolute symbols

Heap_Size 00000200

Symbol: Heap_Size
   Definitions
      At line 40 in file libraries\APM32F4xx_Library\Device\Geehy\APM32F4xx\Sou
rce\arm\startup_apm32f40x.s
   Uses
      At line 44 in file libraries\APM32F4xx_Library\Device\Geehy\APM32F4xx\Sou
rce\arm\startup_apm32f40x.s
      At line 414 in file libraries\APM32F4xx_Library\Device\Geehy\APM32F4xx\So
urce\arm\startup_apm32f40x.s

Stack_Size 00000400

Symbol: Stack_Size
   Definitions
      At line 30 in file libraries\APM32F4xx_Library\Device\Geehy\APM32F4xx\Sou
rce\arm\startup_apm32f40x.s
   Uses
      At line 33 in file libraries\APM32F4xx_Library\Device\Geehy\APM32F4xx\Sou
rce\arm\startup_apm32f40x.s
      At line 413 in file libraries\APM32F4xx_Library\Device\Geehy\APM32F4xx\So
urce\arm\startup_apm32f40x.s

__Vectors_Size 00000194

Symbol: __Vectors_Size
   Definitions
      At line 161 in file libraries\APM32F4xx_Library\Device\Geehy\APM32F4xx\So
urce\arm\startup_apm32f40x.s
   Uses
      At line 54 in file libraries\APM32F4xx_Library\Device\Geehy\APM32F4xx\Sou
rce\arm\startup_apm32f40x.s
Comment: __Vectors_Size used once
3 symbols



ARM Macro Assembler    Page 1 Alphabetic symbol ordering
External symbols

SystemInit 00000000

Symbol: SystemInit
   Definitions
      At line 168 in file libraries\APM32F4xx_Library\Device\Geehy\APM32F4xx\So
urce\arm\startup_apm32f40x.s
   Uses
      At line 170 in file libraries\APM32F4xx_Library\Device\Geehy\APM32F4xx\So
urce\arm\startup_apm32f40x.s
Comment: SystemInit used once
__main 00000000

Symbol: __main
   Definitions
      At line 169 in file libraries\APM32F4xx_Library\Device\Geehy\APM32F4xx\So
urce\arm\startup_apm32f40x.s
   Uses
      At line 172 in file libraries\APM32F4xx_Library\Device\Geehy\APM32F4xx\So
urce\arm\startup_apm32f40x.s
Comment: __main used once
__use_two_region_memory 00000000

Symbol: __use_two_region_memory
   Definitions
      At line 407 in file libraries\APM32F4xx_Library\Device\Geehy\APM32F4xx\So
urce\arm\startup_apm32f40x.s
   Uses
      None
Comment: __use_two_region_memory unused
3 symbols
448 symbols in table
